ValidationError: Deployment failed. Correlation ID: 084f5d87-9da3-416e-87f4-d14a4281b58a. {
  "status": "Failed",
  "error": {
    "code": "ResourceDeploymentFailure",
    "message": "The resource operation completed with terminal provisioning state 'Failed'.",
    "details": [
      {
        "code": "VMExtensionProvisioningError",
        "message": "VM has reported a failure when processing extension 'PrepareServer'. Error message: \"Enable failed: failed to execute command: command terminated with exit status=127\n[stdout]\nntu4) ...\r\nSelecting previously unselected package libgtk-3-bin.\r\nPreparing to unpack .../51-libgtk-3-bin_3.22.30-1ubuntu4_amd64.deb ...\r\nUnpacking libgtk-3-bin (3.22.30-1ubuntu4) ...\r\nSelecting previously unselected package libnotify-dev:amd64.\r\nPreparing to unpack .../52-libnotify-dev_0.7.7-3_amd64.deb ...\r\nUnpacking libnotify-dev:amd64 (0.7.7-3) ...\r\nSelecting previously unselected package libx11-doc.\r\nPreparing to unpack .../53-libx11-doc_2%3a1.6.4-3ubuntu0.3_all.deb ...\r\nUnpacking libx11-doc (2:1.6.4-3ubuntu0.3) ...\r\nSelecting previously unselected package notification-daemon.\r\nPreparing to unpack .../54-notification-daemon_3.20.0-3_amd64.deb ...\r\nUnpacking notification-daemon (3.20.0-3) ...\r\nSetting up libjson-glib-1.0-common (1.4.2-3ubuntu0.18.04.1) ...\r\nSetting up glib-networking-common (2.56.0-1ubuntu0.1) ...\r\nSetting up liblcms2-2:amd64 (2.9-1ubuntu0.1) ...\r\nSetting up libpthread-stubs0-dev:amd64 (0.3-4) ...\r\nSetting up libatspi2.0-0:amd64 (2.28.0-1) ...\r\nSetting up at-spi2-core (2.28.0-1) ...\r\nSetting up xorg-sgml-doctools (1:1.11-1) ...\r\nSetting up libwayland-client0:amd64 (1.16.0-1ubuntu1.1~18.04.3) ...\r\nSetting up libcairo-gobject2:amd64 (1.15.10-2ubuntu0.1) ...\r\nSetting up libproxy1v5:amd64 (0.4.15-1ubuntu0.1) ...\r\nSetting up libgdk-pixbuf2.0-common (2.36.11-2) ...\r\nSetting up glib-networking-services (2.56.0-1ubuntu0.1) ...\r\nSetting up x11proto-dev (2018.4-4) ...\r\nSetting up libjson-glib-1.0-0:amd64 (1.4.2-3ubuntu0.18.04.1) ...\r\nSetting up libatk1.0-data (2.28.1-1) ...\r\nSetting up xtrans-dev (1.3.5-1) ...\r\nSetting up libxdmcp-dev:amd64 (1:1.1.2-3) ...\r\nSetting up libepoxy0:amd64 (1.4.3-1) ...\r\nSetting up libatk1.0-0:amd64 (2.28.1-1) ...\r\nSetting up libatk-bridge2.0-0:amd64 (2.26.2-1) ...\r\nSetting up libdconf1:amd64 (0.26.0-2ubuntu3) ...\r\nSetting up libx11-doc (2:1.6.4-3ubuntu0.3) ...\r\nSetting up libxkbcommon0:amd64 (0.8.2-1~ubuntu18.04.1) ...\r\nSetting up libcolord2:amd64 (1.3.3-2build1) ...\r\nSetting up hicolor-icon-theme (0.17-2) ...\r\nSetting up libwayland-cursor0:amd64 (1.16.0-1ubuntu1.1~18.04.3) ...\r\nSetting up libwayland-egl1:amd64 (1.16.0-1ubuntu1.1~18.04.3) ...\r\nSetting up x11proto-core-dev (2018.4-4) ...\r\nSetting up dconf-service (0.26.0-2ubuntu3) ...\r\nSetting up libgdk-pixbuf2.0-0:amd64 (2.36.11-2) ...\r\nSetting up libgdk-pixbuf2.0-bin (2.36.11-2) ...\r\nSetting up gir1.2-gdkpixbuf-2.0:amd64 (2.36.11-2) ...\r\nSetting up libxau-dev:amd64 (1:1.0.8-1ubuntu1) ...\r\nSetting up gtk-update-icon-cache (3.22.30-1ubuntu4) ...\r\nSetting up libxcb1-dev:amd64 (1.13-2~ubuntu18.04) ...\r\nSetting up libx11-dev:amd64 (2:1.6.4-3ubuntu0.3) ...\r\nSetting up dconf-gsettings-backend:amd64 (0.26.0-2ubuntu3) ...\r\nSetting up libnotify4:amd64 (0.7.7-3) ...\r\nSetting up gir1.2-notify-0.7:amd64 (0.7.7-3) ...\r\nSetting up librsvg2-2:amd64 (2.40.20-2ubuntu0.2) ...\r\nSetting up gsettings-desktop-schemas (3.28.0-1ubuntu1) ...\r\nSetting up libgtk-3-common (3.22.30-1ubuntu4) ...\r\nSetting up librsvg2-common:amd64 (2.40.20-2ubuntu0.2) ...\r\nSetting up libgdk-pixbuf2.0-dev (2.36.11-2) ...\r\nSetting up libnotify-dev:amd64 (0.7.7-3) ...\r\nSetting up adwaita-icon-theme (3.28.0-1ubuntu1) ...\r\nupdate-alternatives: using /usr/share/icons/Adwaita/cursor.theme to provide /usr/share/icons/default/index.theme (x-cursor-theme) in auto mode\r\nSetting up humanity-icon-theme (0.6.15) ...\r\nSetting up ubuntu-mono (16.10+18.04.20181005-0ubuntu1) ...\r\nProcessing triggers for libglib2.0-0:amd64 (2.56.4-0ubuntu0.18.04.6) ...\r\nProcessing triggers for libc-bin (2.27-3ubuntu1.2) ...\r\nSetting up glib-networking:amd64 (2.56.0-1ubuntu0.1) ...\r\nProcessing triggers for man-db (2.8.3-2ubuntu0.1) ...\r\nProcessing triggers for mime-support (3.60ubuntu1) ...\r\nSetting up libsoup2.4-1:amd64 (2.62.1-1ubuntu0.4) ...\r\nSetting up libsoup-gnome2.4-1:amd64 (2.62.1-1ubuntu0.4) ...\r\nSetting up librest-0.7-0:amd64 (0.8.0-2) ...\r\nSetting up libgtk-3-0:amd64 (3.22.30-1ubuntu4) ...\r\nSetting up libgtk-3-bin (3.22.30-1ubuntu4) ...\r\nSetting up notification-daemon (3.20.0-3) ...\r\nProcessing triggers for libgdk-pixbuf2.0-0:amd64 (2.36.11-2) ...\r\nProcessing triggers for libc-bin (2.27-3ubuntu1.2) ...\r\n\n[stderr]\nackage can be loaded\n* DONE (tidyr)\n* installing *source* package æbroomÆ ...\n** package æbroomÆ successfully unpacked and MD5 sums checked\n** R\n** inst\n** preparing package for lazy loading\n** help\n*** installing help indices\n*** copying figures\n** building package indices\n** installing vignettes\n** testing if installed package can be loaded\n* DONE (broom)\n* installing *source* package æggplot2Æ ...\n** package æggplot2Æ successfully unpacked and MD5 sums checked\n** R\n** data\n*** moving datasets to lazyload DB\n** inst\n** preparing package for lazy loading\n** help\n*** installing help indices\n*** copying figures\n** building package indices\n** installing vignettes\n** testing if installed package can be loaded\n* DONE (ggplot2)\n* installing *source* package æmodelrÆ ...\n** package æmodelrÆ successfully unpacked and MD5 sums checked\n** R\n** data\n*** moving datasets to lazyload DB\n** preparing package for lazy loading\n** help\n*** installing help indices\n*** copying figures\n** building package indices\n** testing if installed package can be loaded\n* DONE (modelr)\nERROR: dependencies æhttrÆ, ærvestÆ, æxml2Æ are not available for package ætidyverseÆ\n* removing æ/usr/local/lib/R/site-library/tidyverseÆ\n\nThe downloaded source packages are in\n\tæ/tmp/RtmpMTMFbX/downloaded_packagesÆ\nWarning messages:\n1: package æjagsuiÆ is not available (for R version 3.4.4) \n2: Perhaps you meant æjagsUIÆ ? \n3: In install.packages(c(\"renv\", \"tidyverse\", \"jagsui\")) :\n  installation of package æcurlÆ had non-zero exit status\n4: In install.packages(c(\"renv\", \"tidyverse\", \"jagsui\")) :\n  installation of package æxml2Æ had non-zero exit status\n5: In install.packages(c(\"renv\", \"tidyverse\", \"jagsui\")) :\n  installation of package æopensslÆ had non-zero exit status\n6: In install.packages(c(\"renv\", \"tidyverse\", \"jagsui\")) :\n  installation of package æhttrÆ had non-zero exit status\n7: In install.packages(c(\"renv\", \"tidyverse\", \"jagsui\")) :\n  installation of package ærvestÆ had non-zero exit status\n8: In install.packages(c(\"renv\", \"tidyverse\", \"jagsui\")) :\n  installation of package ætidyverseÆ had non-zero exit status\n\nWARNING: apt does not have a stable CLI interface. Use with caution in scripts.\n\n\nWARNING: apt does not have a stable CLI interface. Use with caution in scripts.\n\ndebconf: unable to initialize frontend: Dialog\ndebconf: (Dialog frontend will not work on a dumb terminal, an emacs shell buffer, or without a controlling terminal.)\ndebconf: falling back to frontend: Readline\ndebconf: unable to initialize frontend: Readline\ndebconf: (This frontend requires a controlling tty.)\ndebconf: falling back to frontend: Teletype\ndpkg-preconfigure: unable to re-open stdin: \n\nWARNING: apt does not have a stable CLI interface. Use with caution in scripts.\n\ndebconf: unable to initialize frontend: Dialog\ndebconf: (Dialog frontend will not work on a dumb terminal, an emacs shell buffer, or without a controlling terminal.)\ndebconf: falling back to frontend: Readline\ndebconf: unable to initialize frontend: Readline\ndebconf: (This frontend requires a controlling tty.)\ndebconf: falling back to frontend: Teletype\ndpkg-preconfigure: unable to re-open stdin: \n\nWARNING: apt does not have a stable CLI interface. Use with caution in scripts.\n\n\nWARNING: apt does not have a stable CLI interface. Use with caution in scripts.\n\n\nWARNING: apt does not have a stable CLI interface. Use with caution in scripts.\n\nmain: line 42: HOME: unbound variable\n\nWARNING: apt does not have a stable CLI interface. Use with caution in scripts.\n\ndebconf: unable to initialize frontend: Dialog\ndebconf: (Dialog frontend will not work on a dumb terminal, an emacs shell buffer, or without a controlling terminal.)\ndebconf: falling back to frontend: Readline\ndebconf: unable to initialize frontend: Readline\ndebconf: (This frontend requires a controlling tty.)\ndebconf: falling back to frontend: Teletype\ndpkg-preconfigure: unable to re-open stdin: \ninstallrstudiowithonedrive.sh.sh: 113: installrstudiowithonedrive.sh.sh: source: not found\n\"\r\n\r\nMore information on troubleshooting is available at https://aka.ms/VMExtensionCSELinuxTroubleshoot "
      }
    ]
  }
}






--- Logging error ---
Traceback (most recent call last):
  File "C:\Users\VSSADM~1\AppData\Local\Temp\pip-unpacked-wheel-x2czgqpp\msrestazure\polling\arm_polling.py", line 390, in run
  File "C:\Users\VSSADM~1\AppData\Local\Temp\pip-unpacked-wheel-x2czgqpp\msrestazure\polling\arm_polling.py", line 418, in _poll
msrestazure.polling.arm_polling.OperationFailed: Operation failed or cancelled

During handling of the above exception, another exception occurred:

Traceback (most recent call last):
  File "C:\Users\VSSADM~1\AppData\Local\Temp\pip-unpacked-wheel-v8nptj_b\azure\cli\core\commands\__init__.py", line 979, in __call__
  File "C:\Users\VSSADM~1\AppData\Local\Temp\pip-unpacked-wheel-482xwhov\msrest\polling\poller.py", line 183, in result
  File "C:\Users\VSSADM~1\AppData\Local\Temp\pip-unpacked-wheel-482xwhov\msrest\polling\poller.py", line 201, in wait
  File "C:\Users\VSSADM~1\AppData\Local\Temp\pip-unpacked-wheel-482xwhov\msrest\polling\poller.py", line 152, in _start
  File "C:\Users\VSSADM~1\AppData\Local\Temp\pip-unpacked-wheel-x2czgqpp\msrestazure\polling\arm_polling.py", line 400, in run
msrestazure.azure_exceptions.CloudError: Azure Error: DeploymentFailed
Message: At least one resource deployment operation failed. Please list deployment operations for details. Please see https://aka.ms/DeployOperations for usage details.
Exception Details:
        Error Code: Conflict
        Message: {'status': 'Failed', 'error': {'code': 'ResourceDeploymentFailure', 'message': "The resource operation completed with terminal provisioning state 'Failed'.", 'details': [{'code': 'VMExtensionProvisioningError', 'message': 'VM has reported a failure when processing extension \'PrepareServer\'. Error message: "Enable failed: failed to execute command: command terminated with exit status=127\n[stdout]\nntu4) ...\r\nSelecting previously unselected package libgtk-3-bin.\r\nPreparing to unpack .../51-libgtk-3-bin_3.22.30-1ubuntu4_amd64.deb ...\r\nUnpacking libgtk-3-bin (3.22.30-1ubuntu4) ...\r\nSelecting previously unselected package libnotify-dev:amd64.\r\nPreparing to unpack .../52-libnotify-dev_0.7.7-3_amd64.deb ...\r\nUnpacking libnotify-dev:amd64 (0.7.7-3) ...\r\nSelecting previously unselected package libx11-doc.\r\nPreparing to unpack .../53-libx11-doc_2%3a1.6.4-3ubuntu0.3_all.deb ...\r\nUnpacking libx11-doc (2:1.6.4-3ubuntu0.3) ...\r\nSelecting previously unselected package notification-daemon.\r\nPreparing to unpack .../54-notification-daemon_3.20.0-3_amd64.deb ...\r\nUnpacking notification-daemon (3.20.0-3) ...\r\nSetting up libjson-glib-1.0-common (1.4.2-3ubuntu0.18.04.1) ...\r\nSetting up glib-networking-common (2.56.0-1ubuntu0.1) ...\r\nSetting up liblcms2-2:amd64 (2.9-1ubuntu0.1) ...\r\nSetting up libpthread-stubs0-dev:amd64 (0.3-4) ...\r\nSetting up libatspi2.0-0:amd64 (2.28.0-1) ...\r\nSetting up at-spi2-core (2.28.0-1) ...\r\nSetting up xorg-sgml-doctools (1:1.11-1) ...\r\nSetting up libwayland-client0:amd64 (1.16.0-1ubuntu1.1~18.04.3) ...\r\nSetting up libcairo-gobject2:amd64 (1.15.10-2ubuntu0.1) ...\r\nSetting up libproxy1v5:amd64 (0.4.15-1ubuntu0.1) ...\r\nSetting up libgdk-pixbuf2.0-common (2.36.11-2) ...\r\nSetting up glib-networking-services (2.56.0-1ubuntu0.1) ...\r\nSetting up x11proto-dev (2018.4-4) ...\r\nSetting up libjson-glib-1.0-0:amd64 (1.4.2-3ubuntu0.18.04.1) ...\r\nSetting up libatk1.0-data (2.28.1-1) ...\r\nSetting up xtrans-dev (1.3.5-1) ...\r\nSetting up libxdmcp-dev:amd64 (1:1.1.2-3) ...\r\nSetting up libepoxy0:amd64 (1.4.3-1) ...\r\nSetting up libatk1.0-0:amd64 (2.28.1-1) ...\r\nSetting up libatk-bridge2.0-0:amd64 (2.26.2-1) ...\r\nSetting up libdconf1:amd64 (0.26.0-2ubuntu3) ...\r\nSetting up libx11-doc (2:1.6.4-3ubuntu0.3) ...\r\nSetting up libxkbcommon0:amd64 (0.8.2-1~ubuntu18.04.1) ...\r\nSetting up libcolord2:amd64 (1.3.3-2build1) ...\r\nSetting up hicolor-icon-theme (0.17-2) ...\r\nSetting up libwayland-cursor0:amd64 (1.16.0-1ubuntu1.1~18.04.3) ...\r\nSetting up libwayland-egl1:amd64 (1.16.0-1ubuntu1.1~18.04.3) ...\r\nSetting up x11proto-core-dev (2018.4-4) ...\r\nSetting up dconf-service (0.26.0-2ubuntu3) ...\r\nSetting up libgdk-pixbuf2.0-0:amd64 (2.36.11-2) ...\r\nSetting up libgdk-pixbuf2.0-bin (2.36.11-2) ...\r\nSetting up gir1.2-gdkpixbuf-2.0:amd64 (2.36.11-2) ...\r\nSetting up libxau-dev:amd64 (1:1.0.8-1ubuntu1) ...\r\nSetting up gtk-update-icon-cache (3.22.30-1ubuntu4) ...\r\nSetting up libxcb1-dev:amd64 (1.13-2~ubuntu18.04) ...\r\nSetting up libx11-dev:amd64 (2:1.6.4-3ubuntu0.3) ...\r\nSetting up dconf-gsettings-backend:amd64 (0.26.0-2ubuntu3) ...\r\nSetting up libnotify4:amd64 (0.7.7-3) ...\r\nSetting up gir1.2-notify-0.7:amd64 (0.7.7-3) ...\r\nSetting up librsvg2-2:amd64 (2.40.20-2ubuntu0.2) ...\r\nSetting up gsettings-desktop-schemas (3.28.0-1ubuntu1) ...\r\nSetting up libgtk-3-common (3.22.30-1ubuntu4) ...\r\nSetting up librsvg2-common:amd64 (2.40.20-2ubuntu0.2) ...\r\nSetting up libgdk-pixbuf2.0-dev (2.36.11-2) ...\r\nSetting up libnotify-dev:amd64 (0.7.7-3) ...\r\nSetting up adwaita-icon-theme (3.28.0-1ubuntu1) ...\r\nupdate-alternatives: using /usr/share/icons/Adwaita/cursor.theme to provide /usr/share/icons/default/index.theme (x-cursor-theme) in auto mode\r\nSetting up humanity-icon-theme (0.6.15) ...\r\nSetting up ubuntu-mono (16.10+18.04.20181005-0ubuntu1) ...\r\nProcessing triggers for libglib2.0-0:amd64 (2.56.4-0ubuntu0.18.04.6) ...\r\nProcessing triggers for libc-bin (2.27-3ubuntu1.2) ...\r\nSetting up glib-networking:amd64 (2.56.0-1ubuntu0.1) ...\r\nProcessing triggers for man-db (2.8.3-2ubuntu0.1) ...\r\nProcessing triggers for mime-support (3.60ubuntu1) ...\r\nSetting up libsoup2.4-1:amd64 (2.62.1-1ubuntu0.4) ...\r\nSetting up libsoup-gnome2.4-1:amd64 (2.62.1-1ubuntu0.4) ...\r\nSetting up librest-0.7-0:amd64 (0.8.0-2) ...\r\nSetting up libgtk-3-0:amd64 (3.22.30-1ubuntu4) ...\r\nSetting up libgtk-3-bin (3.22.30-1ubuntu4) ...\r\nSetting up notification-daemon (3.20.0-3) ...\r\nProcessing triggers for libgdk-pixbuf2.0-0:amd64 (2.36.11-2) ...\r\nProcessing triggers for libc-bin (2.27-3ubuntu1.2) ...\r\n\n[stderr]\n\ufffd, ærvestÆ, æxml2Æ are not available for package ætidyverseÆ\n* removing æ/usr/local/lib/R/site-library/tidyverseÆ\n\nThe downloaded source packages are in\n\tæ/tmp/Rtmp212ikx/downloaded_packagesÆ\nWarning messages:\n1: package æjagsuiÆ is not available (for R version 3.4.4) \n2: Perhaps you meant æjagsUIÆ ? \n3: In install.packages(c("renv", "tidyverse", "jagsui")) :\n  installation of package æcurlÆ had non-zero exit status\n4: In install.packages(c("renv", "tidyverse", "jagsui")) :\n  installation of package æxml2Æ had non-zero exit status\n5: In install.packages(c("renv", "tidyverse", "jagsui")) :\n  installation of package æopensslÆ had non-zero exit status\n6: In install.packages(c("renv", "tidyverse", "jagsui")) :\n  installation of package æhttrÆ had non-zero exit status\n7: In install.packages(c("renv", "tidyverse", "jagsui")) :\n  installation of package ærvestÆ had non-zero exit status\n8: In install.packages(c("renv", "tidyverse", "jagsui")) :\n  installation of package ætidyverseÆ had non-zero exit status\n\nWARNING: apt does not have a stable CLI interface. Use with caution in scripts.\n\n\nWARNING: apt does not have a stable CLI interface. Use with caution in scripts.\n\ndebconf: unable to initialize frontend: Dialog\ndebconf: (Dialog frontend will not work on a dumb terminal, an emacs shell buffer, or without a controlling terminal.)\ndebconf: falling back to frontend: Readline\ndebconf: unable to initialize frontend: Readline\ndebconf: (This frontend requires a controlling tty.)\ndebconf: falling back to frontend: Teletype\ndpkg-preconfigure: unable to re-open stdin: \n\nWARNING: apt does not have a stable CLI interface. Use with caution in scripts.\n\ndebconf: unable to initialize frontend: Dialog\ndebconf: (Dialog frontend will not work on a dumb terminal, an emacs shell buffer, or without a controlling terminal.)\ndebconf: falling back to frontend: Readline\ndebconf: unable to initialize frontend: Readline\ndebconf: (This frontend requires a controlling tty.)\ndebconf: falling back to frontend: Teletype\ndpkg-preconfigure: unable to re-open stdin: \n\nWARNING: apt does not have a stable CLI interface. Use with caution in scripts.\n\n\nWARNING: apt does not have a stable CLI interface. Use with caution in scripts.\n\n\nWARNING: apt does not have a stable CLI interface. Use with caution in scripts.\n\n\r######################################################################## 100.0%\n\r######################################################################## 100.0%\ngpg: directory \'//.gnupg\' created\ngpg: keybox \'//.gnupg/pubring.kbx\' created\ngpg: //.gnupg/trustdb.gpg: trustdb created\n#=#=#                                                                         \r\r                                                                           0.1%\r                                                                           0.4%\r                                                                           1.1%\r###                                                                        4.4%\r##########                                                                14.2%\r######################                                                    31.0%\r########################################                                  55.7%\r####################################################                      73.3%\r######################################################################    97.3%\r######################################################################## 100.0%\n\nWARNING: apt does not have a stable CLI interface. Use with caution in scripts.\n\ndebconf: unable to initialize frontend: Dialog\ndebconf: (Dialog frontend will not work on a dumb terminal, an emacs shell buffer, or without a controlling terminal.)\ndebconf: falling back to frontend: Readline\ndebconf: unable to initialize frontend: Readline\ndebconf: (This frontend requires a controlling tty.)\ndebconf: falling back to frontend: Teletype\ndpkg-preconfigure: unable to re-open stdin: \ninstallrstudiowithonedrive.sh.sh: 113: installrstudiowithonedrive.sh.sh: source: not found\n"\r\n\r\nMore information on troubleshooting is available at https://aka.ms/VMExtensionCSELinuxTroubleshoot '}]}}

During handling of the above exception, another exception occurred:

Traceback (most recent call last):
  File "C:\Users\VSSADM~1\AppData\Local\Temp\pip-unpacked-wheel-v8nptj_b\azure\cli\core\commands\__init__.py", line 699, in _run_job
  File "C:\Users\VSSADM~1\AppData\Local\Temp\pip-unpacked-wheel-v8nptj_b\azure\cli\core\commands\__init__.py", line 983, in __call__
  File "C:\Users\VSSADM~1\AppData\Local\Temp\pip-unpacked-wheel-v8nptj_b\azure\cli\core\commands\arm.py", line 134, in handle_long_running_operation_exception
knack.util.CLIError: Deployment failed. Correlation ID: 9c381e3f-1c95-4dc9-bcd9-5b8c6d55ad83. {
  "status": "Failed",
  "error": {
    "code": "ResourceDeploymentFailure",
    "message": "The resource operation completed with terminal provisioning state 'Failed'.",
    "details": [
      {
        "code": "VMExtensionProvisioningError",
        "message": "VM has reported a failure when processing extension 'PrepareServer'. Error message: \"Enable failed: failed to execute command: command terminated with exit status=127\n[stdout]\nntu4) ...\r\nSelecting previously unselected package libgtk-3-bin.\r\nPreparing to unpack .../51-libgtk-3-bin_3.22.30-1ubuntu4_amd64.deb ...\r\nUnpacking libgtk-3-bin (3.22.30-1ubuntu4) ...\r\nSelecting previously unselected package libnotify-dev:amd64.\r\nPreparing to unpack .../52-libnotify-dev_0.7.7-3_amd64.deb ...\r\nUnpacking libnotify-dev:amd64 (0.7.7-3) ...\r\nSelecting previously unselected package libx11-doc.\r\nPreparing to unpack .../53-libx11-doc_2%3a1.6.4-3ubuntu0.3_all.deb ...\r\nUnpacking libx11-doc (2:1.6.4-3ubuntu0.3) ...\r\nSelecting previously unselected package notification-daemon.\r\nPreparing to unpack .../54-notification-daemon_3.20.0-3_amd64.deb ...\r\nUnpacking notification-daemon (3.20.0-3) ...\r\nSetting up libjson-glib-1.0-common (1.4.2-3ubuntu0.18.04.1) ...\r\nSetting up glib-networking-common (2.56.0-1ubuntu0.1) ...\r\nSetting up liblcms2-2:amd64 (2.9-1ubuntu0.1) ...\r\nSetting up libpthread-stubs0-dev:amd64 (0.3-4) ...\r\nSetting up libatspi2.0-0:amd64 (2.28.0-1) ...\r\nSetting up at-spi2-core (2.28.0-1) ...\r\nSetting up xorg-sgml-doctools (1:1.11-1) ...\r\nSetting up libwayland-client0:amd64 (1.16.0-1ubuntu1.1~18.04.3) ...\r\nSetting up libcairo-gobject2:amd64 (1.15.10-2ubuntu0.1) ...\r\nSetting up libproxy1v5:amd64 (0.4.15-1ubuntu0.1) ...\r\nSetting up libgdk-pixbuf2.0-common (2.36.11-2) ...\r\nSetting up glib-networking-services (2.56.0-1ubuntu0.1) ...\r\nSetting up x11proto-dev (2018.4-4) ...\r\nSetting up libjson-glib-1.0-0:amd64 (1.4.2-3ubuntu0.18.04.1) ...\r\nSetting up libatk1.0-data (2.28.1-1) ...\r\nSetting up xtrans-dev (1.3.5-1) ...\r\nSetting up libxdmcp-dev:amd64 (1:1.1.2-3) ...\r\nSetting up libepoxy0:amd64 (1.4.3-1) ...\r\nSetting up libatk1.0-0:amd64 (2.28.1-1) ...\r\nSetting up libatk-bridge2.0-0:amd64 (2.26.2-1) ...\r\nSetting up libdconf1:amd64 (0.26.0-2ubuntu3) ...\r\nSetting up libx11-doc (2:1.6.4-3ubuntu0.3) ...\r\nSetting up libxkbcommon0:amd64 (0.8.2-1~ubuntu18.04.1) ...\r\nSetting up libcolord2:amd64 (1.3.3-2build1) ...\r\nSetting up hicolor-icon-theme (0.17-2) ...\r\nSetting up libwayland-cursor0:amd64 (1.16.0-1ubuntu1.1~18.04.3) ...\r\nSetting up libwayland-egl1:amd64 (1.16.0-1ubuntu1.1~18.04.3) ...\r\nSetting up x11proto-core-dev (2018.4-4) ...\r\nSetting up dconf-service (0.26.0-2ubuntu3) ...\r\nSetting up libgdk-pixbuf2.0-0:amd64 (2.36.11-2) ...\r\nSetting up libgdk-pixbuf2.0-bin (2.36.11-2) ...\r\nSetting up gir1.2-gdkpixbuf-2.0:amd64 (2.36.11-2) ...\r\nSetting up libxau-dev:amd64 (1:1.0.8-1ubuntu1) ...\r\nSetting up gtk-update-icon-cache (3.22.30-1ubuntu4) ...\r\nSetting up libxcb1-dev:amd64 (1.13-2~ubuntu18.04) ...\r\nSetting up libx11-dev:amd64 (2:1.6.4-3ubuntu0.3) ...\r\nSetting up dconf-gsettings-backend:amd64 (0.26.0-2ubuntu3) ...\r\nSetting up libnotify4:amd64 (0.7.7-3) ...\r\nSetting up gir1.2-notify-0.7:amd64 (0.7.7-3) ...\r\nSetting up librsvg2-2:amd64 (2.40.20-2ubuntu0.2) ...\r\nSetting up gsettings-desktop-schemas (3.28.0-1ubuntu1) ...\r\nSetting up libgtk-3-common (3.22.30-1ubuntu4) ...\r\nSetting up librsvg2-common:amd64 (2.40.20-2ubuntu0.2) ...\r\nSetting up libgdk-pixbuf2.0-dev (2.36.11-2) ...\r\nSetting up libnotify-dev:amd64 (0.7.7-3) ...\r\nSetting up adwaita-icon-theme (3.28.0-1ubuntu1) ...\r\nupdate-alternatives: using /usr/share/icons/Adwaita/cursor.theme to provide /usr/share/icons/default/index.theme (x-cursor-theme) in auto mode\r\nSetting up humanity-icon-theme (0.6.15) ...\r\nSetting up ubuntu-mono (16.10+18.04.20181005-0ubuntu1) ...\r\nProcessing triggers for libglib2.0-0:amd64 (2.56.4-0ubuntu0.18.04.6) ...\r\nProcessing triggers for libc-bin (2.27-3ubuntu1.2) ...\r\nSetting up glib-networking:amd64 (2.56.0-1ubuntu0.1) ...\r\nProcessing triggers for man-db (2.8.3-2ubuntu0.1) ...\r\nProcessing triggers for mime-support (3.60ubuntu1) ...\r\nSetting up libsoup2.4-1:amd64 (2.62.1-1ubuntu0.4) ...\r\nSetting up libsoup-gnome2.4-1:amd64 (2.62.1-1ubuntu0.4) ...\r\nSetting up librest-0.7-0:amd64 (0.8.0-2) ...\r\nSetting up libgtk-3-0:amd64 (3.22.30-1ubuntu4) ...\r\nSetting up libgtk-3-bin (3.22.30-1ubuntu4) ...\r\nSetting up notification-daemon (3.20.0-3) ...\r\nProcessing triggers for libgdk-pixbuf2.0-0:amd64 (2.36.11-2) ...\r\nProcessing triggers for libc-bin (2.27-3ubuntu1.2) ...\r\n\n[stderr]\n\ufffd, ærvestÆ, æxml2Æ are not available for package ætidyverseÆ\n* removing æ/usr/local/lib/R/site-library/tidyverseÆ\n\nThe downloaded source packages are in\n\tæ/tmp/Rtmp212ikx/downloaded_packagesÆ\nWarning messages:\n1: package æjagsuiÆ is not available (for R version 3.4.4) \n2: Perhaps you meant æjagsUIÆ ? \n3: In install.packages(c(\"renv\", \"tidyverse\", \"jagsui\")) :\n  installation of package æcurlÆ had non-zero exit status\n4: In install.packages(c(\"renv\", \"tidyverse\", \"jagsui\")) :\n  installation of package æxml2Æ had non-zero exit status\n5: In install.packages(c(\"renv\", \"tidyverse\", \"jagsui\")) :\n  installation of package æopensslÆ had non-zero exit status\n6: In install.packages(c(\"renv\", \"tidyverse\", \"jagsui\")) :\n  installation of package æhttrÆ had non-zero exit status\n7: In install.packages(c(\"renv\", \"tidyverse\", \"jagsui\")) :\n  installation of package ærvestÆ had non-zero exit status\n8: In install.packages(c(\"renv\", \"tidyverse\", \"jagsui\")) :\n  installation of package ætidyverseÆ had non-zero exit status\n\nWARNING: apt does not have a stable CLI interface. Use with caution in scripts.\n\n\nWARNING: apt does not have a stable CLI interface. Use with caution in scripts.\n\ndebconf: unable to initialize frontend: Dialog\ndebconf: (Dialog frontend will not work on a dumb terminal, an emacs shell buffer, or without a controlling terminal.)\ndebconf: falling back to frontend: Readline\ndebconf: unable to initialize frontend: Readline\ndebconf: (This frontend requires a controlling tty.)\ndebconf: falling back to frontend: Teletype\ndpkg-preconfigure: unable to re-open stdin: \n\nWARNING: apt does not have a stable CLI interface. Use with caution in scripts.\n\ndebconf: unable to initialize frontend: Dialog\ndebconf: (Dialog frontend will not work on a dumb terminal, an emacs shell buffer, or without a controlling terminal.)\ndebconf: falling back to frontend: Readline\ndebconf: unable to initialize frontend: Readline\ndebconf: (This frontend requires a controlling tty.)\ndebconf: falling back to frontend: Teletype\ndpkg-preconfigure: unable to re-open stdin: \n\nWARNING: apt does not have a stable CLI interface. Use with caution in scripts.\n\n\nWARNING: apt does not have a stable CLI interface. Use with caution in scripts.\n\n\nWARNING: apt does not have a stable CLI interface. Use with caution in scripts.\n\n\r######################################################################## 100.0%\n\r######################################################################## 100.0%\ngpg: directory '//.gnupg' created\ngpg: keybox '//.gnupg/pubring.kbx' created\ngpg: //.gnupg/trustdb.gpg: trustdb created\n#=#=#                                                                         \r\r                                                                           0.1%\r                                                                           0.4%\r                                                                           1.1%\r###                                                                        4.4%\r##########                                                                14.2%\r######################                                                    31.0%\r########################################                                  55.7%\r####################################################                      73.3%\r######################################################################    97.3%\r######################################################################## 100.0%\n\nWARNING: apt does not have a stable CLI interface. Use with caution in scripts.\n\ndebconf: unable to initialize frontend: Dialog\ndebconf: (Dialog frontend will not work on a dumb terminal, an emacs shell buffer, or without a controlling terminal.)\ndebconf: falling back to frontend: Readline\ndebconf: unable to initialize frontend: Readline\ndebconf: (This frontend requires a controlling tty.)\ndebconf: falling back to frontend: Teletype\ndpkg-preconfigure: unable to re-open stdin: \ninstallrstudiowithonedrive.sh.sh: 113: installrstudiowithonedrive.sh.sh: source: not found\n\"\r\n\r\nMore information on troubleshooting is available at https://aka.ms/VMExtensionCSELinuxTroubleshoot "
      }
    ]
  }
}

During handling of the above exception, another exception occurred:

Traceback (most recent call last):
  File "C:\Users\VSSADM~1\AppData\Local\Temp\pip-unpacked-wheel-v8nptj_b\azure\cli\core\commands\arm.py", line 103, in handle_template_based_exception
AttributeError: 'CLIError' object has no attribute 'inner_exception'

During handling of the above exception, another exception occurred:

Traceback (most recent call last):
  File "C:\Users\VSSADM~1\AppData\Local\Temp\pip-unpacked-wheel-tuw8_17y\knack\cli.py", line 215, in invoke
  File "C:\Users\VSSADM~1\AppData\Local\Temp\pip-unpacked-wheel-v8nptj_b\azure\cli\core\commands\__init__.py", line 654, in execute
  File "C:\Users\VSSADM~1\AppData\Local\Temp\pip-unpacked-wheel-v8nptj_b\azure\cli\core\commands\__init__.py", line 718, in _run_jobs_serially
  File "C:\Users\VSSADM~1\AppData\Local\Temp\pip-unpacked-wheel-v8nptj_b\azure\cli\core\commands\__init__.py", line 709, in _run_job
  File "C:\Users\VSSADM~1\AppData\Local\Temp\pip-unpacked-wheel-v8nptj_b\azure\cli\core\commands\arm.py", line 105, in handle_template_based_exception
knack.util.CLIError: Deployment failed. Correlation ID: 9c381e3f-1c95-4dc9-bcd9-5b8c6d55ad83. {
  "status": "Failed",
  "error": {
    "code": "ResourceDeploymentFailure",
    "message": "The resource operation completed with terminal provisioning state 'Failed'.",
    "details": [
      {
        "code": "VMExtensionProvisioningError",
        "message": "VM has reported a failure when processing extension 'PrepareServer'. Error message: \"Enable failed: failed to execute command: command terminated with exit status=127\n[stdout]\nntu4) ...\r\nSelecting previously unselected package libgtk-3-bin.\r\nPreparing to unpack .../51-libgtk-3-bin_3.22.30-1ubuntu4_amd64.deb ...\r\nUnpacking libgtk-3-bin (3.22.30-1ubuntu4) ...\r\nSelecting previously unselected package libnotify-dev:amd64.\r\nPreparing to unpack .../52-libnotify-dev_0.7.7-3_amd64.deb ...\r\nUnpacking libnotify-dev:amd64 (0.7.7-3) ...\r\nSelecting previously unselected package libx11-doc.\r\nPreparing to unpack .../53-libx11-doc_2%3a1.6.4-3ubuntu0.3_all.deb ...\r\nUnpacking libx11-doc (2:1.6.4-3ubuntu0.3) ...\r\nSelecting previously unselected package notification-daemon.\r\nPreparing to unpack .../54-notification-daemon_3.20.0-3_amd64.deb ...\r\nUnpacking notification-daemon (3.20.0-3) ...\r\nSetting up libjson-glib-1.0-common (1.4.2-3ubuntu0.18.04.1) ...\r\nSetting up glib-networking-common (2.56.0-1ubuntu0.1) ...\r\nSetting up liblcms2-2:amd64 (2.9-1ubuntu0.1) ...\r\nSetting up libpthread-stubs0-dev:amd64 (0.3-4) ...\r\nSetting up libatspi2.0-0:amd64 (2.28.0-1) ...\r\nSetting up at-spi2-core (2.28.0-1) ...\r\nSetting up xorg-sgml-doctools (1:1.11-1) ...\r\nSetting up libwayland-client0:amd64 (1.16.0-1ubuntu1.1~18.04.3) ...\r\nSetting up libcairo-gobject2:amd64 (1.15.10-2ubuntu0.1) ...\r\nSetting up libproxy1v5:amd64 (0.4.15-1ubuntu0.1) ...\r\nSetting up libgdk-pixbuf2.0-common (2.36.11-2) ...\r\nSetting up glib-networking-services (2.56.0-1ubuntu0.1) ...\r\nSetting up x11proto-dev (2018.4-4) ...\r\nSetting up libjson-glib-1.0-0:amd64 (1.4.2-3ubuntu0.18.04.1) ...\r\nSetting up libatk1.0-data (2.28.1-1) ...\r\nSetting up xtrans-dev (1.3.5-1) ...\r\nSetting up libxdmcp-dev:amd64 (1:1.1.2-3) ...\r\nSetting up libepoxy0:amd64 (1.4.3-1) ...\r\nSetting up libatk1.0-0:amd64 (2.28.1-1) ...\r\nSetting up libatk-bridge2.0-0:amd64 (2.26.2-1) ...\r\nSetting up libdconf1:amd64 (0.26.0-2ubuntu3) ...\r\nSetting up libx11-doc (2:1.6.4-3ubuntu0.3) ...\r\nSetting up libxkbcommon0:amd64 (0.8.2-1~ubuntu18.04.1) ...\r\nSetting up libcolord2:amd64 (1.3.3-2build1) ...\r\nSetting up hicolor-icon-theme (0.17-2) ...\r\nSetting up libwayland-cursor0:amd64 (1.16.0-1ubuntu1.1~18.04.3) ...\r\nSetting up libwayland-egl1:amd64 (1.16.0-1ubuntu1.1~18.04.3) ...\r\nSetting up x11proto-core-dev (2018.4-4) ...\r\nSetting up dconf-service (0.26.0-2ubuntu3) ...\r\nSetting up libgdk-pixbuf2.0-0:amd64 (2.36.11-2) ...\r\nSetting up libgdk-pixbuf2.0-bin (2.36.11-2) ...\r\nSetting up gir1.2-gdkpixbuf-2.0:amd64 (2.36.11-2) ...\r\nSetting up libxau-dev:amd64 (1:1.0.8-1ubuntu1) ...\r\nSetting up gtk-update-icon-cache (3.22.30-1ubuntu4) ...\r\nSetting up libxcb1-dev:amd64 (1.13-2~ubuntu18.04) ...\r\nSetting up libx11-dev:amd64 (2:1.6.4-3ubuntu0.3) ...\r\nSetting up dconf-gsettings-backend:amd64 (0.26.0-2ubuntu3) ...\r\nSetting up libnotify4:amd64 (0.7.7-3) ...\r\nSetting up gir1.2-notify-0.7:amd64 (0.7.7-3) ...\r\nSetting up librsvg2-2:amd64 (2.40.20-2ubuntu0.2) ...\r\nSetting up gsettings-desktop-schemas (3.28.0-1ubuntu1) ...\r\nSetting up libgtk-3-common (3.22.30-1ubuntu4) ...\r\nSetting up librsvg2-common:amd64 (2.40.20-2ubuntu0.2) ...\r\nSetting up libgdk-pixbuf2.0-dev (2.36.11-2) ...\r\nSetting up libnotify-dev:amd64 (0.7.7-3) ...\r\nSetting up adwaita-icon-theme (3.28.0-1ubuntu1) ...\r\nupdate-alternatives: using /usr/share/icons/Adwaita/cursor.theme to provide /usr/share/icons/default/index.theme (x-cursor-theme) in auto mode\r\nSetting up humanity-icon-theme (0.6.15) ...\r\nSetting up ubuntu-mono (16.10+18.04.20181005-0ubuntu1) ...\r\nProcessing triggers for libglib2.0-0:amd64 (2.56.4-0ubuntu0.18.04.6) ...\r\nProcessing triggers for libc-bin (2.27-3ubuntu1.2) ...\r\nSetting up glib-networking:amd64 (2.56.0-1ubuntu0.1) ...\r\nProcessing triggers for man-db (2.8.3-2ubuntu0.1) ...\r\nProcessing triggers for mime-support (3.60ubuntu1) ...\r\nSetting up libsoup2.4-1:amd64 (2.62.1-1ubuntu0.4) ...\r\nSetting up libsoup-gnome2.4-1:amd64 (2.62.1-1ubuntu0.4) ...\r\nSetting up librest-0.7-0:amd64 (0.8.0-2) ...\r\nSetting up libgtk-3-0:amd64 (3.22.30-1ubuntu4) ...\r\nSetting up libgtk-3-bin (3.22.30-1ubuntu4) ...\r\nSetting up notification-daemon (3.20.0-3) ...\r\nProcessing triggers for libgdk-pixbuf2.0-0:amd64 (2.36.11-2) ...\r\nProcessing triggers for libc-bin (2.27-3ubuntu1.2) ...\r\n\n[stderr]\n\ufffd, ærvestÆ, æxml2Æ are not available for package ætidyverseÆ\n* removing æ/usr/local/lib/R/site-library/tidyverseÆ\n\nThe downloaded source packages are in\n\tæ/tmp/Rtmp212ikx/downloaded_packagesÆ\nWarning messages:\n1: package æjagsuiÆ is not available (for R version 3.4.4) \n2: Perhaps you meant æjagsUIÆ ? \n3: In install.packages(c(\"renv\", \"tidyverse\", \"jagsui\")) :\n  installation of package æcurlÆ had non-zero exit status\n4: In install.packages(c(\"renv\", \"tidyverse\", \"jagsui\")) :\n  installation of package æxml2Æ had non-zero exit status\n5: In install.packages(c(\"renv\", \"tidyverse\", \"jagsui\")) :\n  installation of package æopensslÆ had non-zero exit status\n6: In install.packages(c(\"renv\", \"tidyverse\", \"jagsui\")) :\n  installation of package æhttrÆ had non-zero exit status\n7: In install.packages(c(\"renv\", \"tidyverse\", \"jagsui\")) :\n  installation of package ærvestÆ had non-zero exit status\n8: In install.packages(c(\"renv\", \"tidyverse\", \"jagsui\")) :\n  installation of package ætidyverseÆ had non-zero exit status\n\nWARNING: apt does not have a stable CLI interface. Use with caution in scripts.\n\n\nWARNING: apt does not have a stable CLI interface. Use with caution in scripts.\n\ndebconf: unable to initialize frontend: Dialog\ndebconf: (Dialog frontend will not work on a dumb terminal, an emacs shell buffer, or without a controlling terminal.)\ndebconf: falling back to frontend: Readline\ndebconf: unable to initialize frontend: Readline\ndebconf: (This frontend requires a controlling tty.)\ndebconf: falling back to frontend: Teletype\ndpkg-preconfigure: unable to re-open stdin: \n\nWARNING: apt does not have a stable CLI interface. Use with caution in scripts.\n\ndebconf: unable to initialize frontend: Dialog\ndebconf: (Dialog frontend will not work on a dumb terminal, an emacs shell buffer, or without a controlling terminal.)\ndebconf: falling back to frontend: Readline\ndebconf: unable to initialize frontend: Readline\ndebconf: (This frontend requires a controlling tty.)\ndebconf: falling back to frontend: Teletype\ndpkg-preconfigure: unable to re-open stdin: \n\nWARNING: apt does not have a stable CLI interface. Use with caution in scripts.\n\n\nWARNING: apt does not have a stable CLI interface. Use with caution in scripts.\n\n\nWARNING: apt does not have a stable CLI interface. Use with caution in scripts.\n\n\r######################################################################## 100.0%\n\r######################################################################## 100.0%\ngpg: directory '//.gnupg' created\ngpg: keybox '//.gnupg/pubring.kbx' created\ngpg: //.gnupg/trustdb.gpg: trustdb created\n#=#=#                                                                         \r\r                                                                           0.1%\r                                                                           0.4%\r                                                                           1.1%\r###                                                                        4.4%\r##########                                                                14.2%\r######################                                                    31.0%\r########################################                                  55.7%\r####################################################                      73.3%\r######################################################################    97.3%\r######################################################################## 100.0%\n\nWARNING: apt does not have a stable CLI interface. Use with caution in scripts.\n\ndebconf: unable to initialize frontend: Dialog\ndebconf: (Dialog frontend will not work on a dumb terminal, an emacs shell buffer, or without a controlling terminal.)\ndebconf: falling back to frontend: Readline\ndebconf: unable to initialize frontend: Readline\ndebconf: (This frontend requires a controlling tty.)\ndebconf: falling back to frontend: Teletype\ndpkg-preconfigure: unable to re-open stdin: \ninstallrstudiowithonedrive.sh.sh: 113: installrstudiowithonedrive.sh.sh: source: not found\n\"\r\n\r\nMore information on troubleshooting is available at https://aka.ms/VMExtensionCSELinuxTroubleshoot "
      }
    ]
  }
}

During handling of the above exception, another exception occurred:

Traceback (most recent call last):
  File "logging\__init__.py", line 996, in emit
  File "encodings\cp1252.py", line 19, in encode
UnicodeEncodeError: 'charmap' codec can't encode character '\ufffd' in position 4901: character maps to <undefined>
Call stack:
  File "runpy.py", line 193, in _run_module_as_main
  File "runpy.py", line 85, in _run_code
  File "C:\Users\VSSADM~1\AppData\Local\Temp\pip-unpacked-wheel-s56abhv8\azure\cli\__main__.py", line 48, in <module>
  File "C:\Users\VSSADM~1\AppData\Local\Temp\pip-unpacked-wheel-s56abhv8\azure\cli\__main__.py", line 35, in cli_main
  File "C:\Users\VSSADM~1\AppData\Local\Temp\pip-unpacked-wheel-tuw8_17y\knack\cli.py", line 226, in invoke
  File "C:\Users\VSSADM~1\AppData\Local\Temp\pip-unpacked-wheel-v8nptj_b\azure\cli\core\__init__.py", line 119, in exception_handler
  File "C:\Users\VSSADM~1\AppData\Local\Temp\pip-unpacked-wheel-v8nptj_b\azure\cli\core\util.py", line 143, in handle_exception
  File "C:\Users\VSSADM~1\AppData\Local\Temp\pip-unpacked-wheel-v8nptj_b\azure\cli\core\azclierror.py", line 64, in print_error
  File "logging\__init__.py", line 1337, in error
  File "logging\__init__.py", line 1444, in _log
  File "logging\__init__.py", line 1454, in handle
  File "logging\__init__.py", line 1516, in callHandlers
  File "logging\__init__.py", line 1454, in handle
  File "logging\__init__.py", line 1516, in callHandlers
  File "logging\__init__.py", line 865, in handle
  File "logging\__init__.py", line 1072, in emit
  File "logging\__init__.py", line 1000, in emit
Message: 'ValidationError: Deployment failed. Correlation ID: 9c381e3f-1c95-4dc9-bcd9-5b8c6d55ad83. {\r\n  "status": "Failed",\r\n  "error": {\r\n    "code": "ResourceDeploymentFailure",\r\n    "message": "The resource operation completed with terminal provisioning state \'Failed\'.",\r\n    "details": [\r\n      {\r\n        "code": "VMExtensionProvisioningError",\r\n        "message": "VM has reported a failure when processing extension \'PrepareServer\'. Error message: \\"Enable failed: failed to execute command: command terminated with exit status=127\\n[stdout]\\nntu4) ...\\r\\nSelecting previously unselected package libgtk-3-bin.\\r\\nPreparing to unpack .../51-libgtk-3-bin_3.22.30-1ubuntu4_amd64.deb ...\\r\\nUnpacking libgtk-3-bin (3.22.30-1ubuntu4) ...\\r\\nSelecting previously unselected package libnotify-dev:amd64.\\r\\nPreparing to unpack .../52-libnotify-dev_0.7.7-3_amd64.deb ...\\r\\nUnpacking libnotify-dev:amd64 (0.7.7-3) ...\\r\\nSelecting previously unselected package libx11-doc.\\r\\nPreparing to unpack .../53-libx11-doc_2%3a1.6.4-3ubuntu0.3_all.deb ...\\r\\nUnpacking libx11-doc (2:1.6.4-3ubuntu0.3) ...\\r\\nSelecting previously unselected package notification-daemon.\\r\\nPreparing to unpack .../54-notification-daemon_3.20.0-3_amd64.deb ...\\r\\nUnpacking notification-daemon (3.20.0-3) ...\\r\\nSetting up libjson-glib-1.0-common (1.4.2-3ubuntu0.18.04.1) ...\\r\\nSetting up glib-networking-common (2.56.0-1ubuntu0.1) ...\\r\\nSetting up liblcms2-2:amd64 (2.9-1ubuntu0.1) ...\\r\\nSetting up libpthread-stubs0-dev:amd64 (0.3-4) ...\\r\\nSetting up libatspi2.0-0:amd64 (2.28.0-1) ...\\r\\nSetting up at-spi2-core (2.28.0-1) ...\\r\\nSetting up xorg-sgml-doctools (1:1.11-1) ...\\r\\nSetting up libwayland-client0:amd64 (1.16.0-1ubuntu1.1~18.04.3) ...\\r\\nSetting up libcairo-gobject2:amd64 (1.15.10-2ubuntu0.1) ...\\r\\nSetting up libproxy1v5:amd64 (0.4.15-1ubuntu0.1) ...\\r\\nSetting up libgdk-pixbuf2.0-common (2.36.11-2) ...\\r\\nSetting up glib-networking-services (2.56.0-1ubuntu0.1) ...\\r\\nSetting up x11proto-dev (2018.4-4) ...\\r\\nSetting up libjson-glib-1.0-0:amd64 (1.4.2-3ubuntu0.18.04.1) ...\\r\\nSetting up libatk1.0-data (2.28.1-1) ...\\r\\nSetting up xtrans-dev (1.3.5-1) ...\\r\\nSetting up libxdmcp-dev:amd64 (1:1.1.2-3) ...\\r\\nSetting up libepoxy0:amd64 (1.4.3-1) ...\\r\\nSetting up libatk1.0-0:amd64 (2.28.1-1) ...\\r\\nSetting up libatk-bridge2.0-0:amd64 (2.26.2-1) ...\\r\\nSetting up libdconf1:amd64 (0.26.0-2ubuntu3) ...\\r\\nSetting up libx11-doc (2:1.6.4-3ubuntu0.3) ...\\r\\nSetting up libxkbcommon0:amd64 (0.8.2-1~ubuntu18.04.1) ...\\r\\nSetting up libcolord2:amd64 (1.3.3-2build1) ...\\r\\nSetting up hicolor-icon-theme (0.17-2) ...\\r\\nSetting up libwayland-cursor0:amd64 (1.16.0-1ubuntu1.1~18.04.3) ...\\r\\nSetting up libwayland-egl1:amd64 (1.16.0-1ubuntu1.1~18.04.3) ...\\r\\nSetting up x11proto-core-dev (2018.4-4) ...\\r\\nSetting up dconf-service (0.26.0-2ubuntu3) ...\\r\\nSetting up libgdk-pixbuf2.0-0:amd64 (2.36.11-2) ...\\r\\nSetting up libgdk-pixbuf2.0-bin (2.36.11-2) ...\\r\\nSetting up gir1.2-gdkpixbuf-2.0:amd64 (2.36.11-2) ...\\r\\nSetting up libxau-dev:amd64 (1:1.0.8-1ubuntu1) ...\\r\\nSetting up gtk-update-icon-cache (3.22.30-1ubuntu4) ...\\r\\nSetting up libxcb1-dev:amd64 (1.13-2~ubuntu18.04) ...\\r\\nSetting up libx11-dev:amd64 (2:1.6.4-3ubuntu0.3) ...\\r\\nSetting up dconf-gsettings-backend:amd64 (0.26.0-2ubuntu3) ...\\r\\nSetting up libnotify4:amd64 (0.7.7-3) ...\\r\\nSetting up gir1.2-notify-0.7:amd64 (0.7.7-3) ...\\r\\nSetting up librsvg2-2:amd64 (2.40.20-2ubuntu0.2) ...\\r\\nSetting up gsettings-desktop-schemas (3.28.0-1ubuntu1) ...\\r\\nSetting up libgtk-3-common (3.22.30-1ubuntu4) ...\\r\\nSetting up librsvg2-common:amd64 (2.40.20-2ubuntu0.2) ...\\r\\nSetting up libgdk-pixbuf2.0-dev (2.36.11-2) ...\\r\\nSetting up libnotify-dev:amd64 (0.7.7-3) ...\\r\\nSetting up adwaita-icon-theme (3.28.0-1ubuntu1) ...\\r\\nupdate-alternatives: using /usr/share/icons/Adwaita/cursor.theme to provide /usr/share/icons/default/index.theme (x-cursor-theme) in auto mode\\r\\nSetting up humanity-icon-theme (0.6.15) ...\\r\\nSetting up ubuntu-mono (16.10+18.04.20181005-0ubuntu1) ...\\r\\nProcessing triggers for libglib2.0-0:amd64 (2.56.4-0ubuntu0.18.04.6) ...\\r\\nProcessing triggers for libc-bin (2.27-3ubuntu1.2) ...\\r\\nSetting up glib-networking:amd64 (2.56.0-1ubuntu0.1) ...\\r\\nProcessing triggers for man-db (2.8.3-2ubuntu0.1) ...\\r\\nProcessing triggers for mime-support (3.60ubuntu1) ...\\r\\nSetting up libsoup2.4-1:amd64 (2.62.1-1ubuntu0.4) ...\\r\\nSetting up libsoup-gnome2.4-1:amd64 (2.62.1-1ubuntu0.4) ...\\r\\nSetting up librest-0.7-0:amd64 (0.8.0-2) ...\\r\\nSetting up libgtk-3-0:amd64 (3.22.30-1ubuntu4) ...\\r\\nSetting up libgtk-3-bin (3.22.30-1ubuntu4) ...\\r\\nSetting up notification-daemon (3.20.0-3) ...\\r\\nProcessing triggers for libgdk-pixbuf2.0-0:amd64 (2.36.11-2) ...\\r\\nProcessing triggers for libc-bin (2.27-3ubuntu1.2) ...\\r\\n\\n[stderr]\\n\ufffd, ærvestÆ, æxml2Æ are not available for package ætidyverseÆ\\n* removing æ/usr/local/lib/R/site-library/tidyverseÆ\\n\\nThe downloaded source packages are in\\n\\tæ/tmp/Rtmp212ikx/downloaded_packagesÆ\\nWarning messages:\\n1: package æjagsuiÆ is not available (for R version 3.4.4) \\n2: Perhaps you meant æjagsUIÆ ? \\n3: In install.packages(c(\\"renv\\", \\"tidyverse\\", \\"jagsui\\")) :\\n  installation of package æcurlÆ had non-zero exit status\\n4: In install.packages(c(\\"renv\\", \\"tidyverse\\", \\"jagsui\\")) :\\n  installation of package æxml2Æ had non-zero exit status\\n5: In install.packages(c(\\"renv\\", \\"tidyverse\\", \\"jagsui\\")) :\\n  installation of package æopensslÆ had non-zero exit status\\n6: In install.packages(c(\\"renv\\", \\"tidyverse\\", \\"jagsui\\")) :\\n  installation of package æhttrÆ had non-zero exit status\\n7: In install.packages(c(\\"renv\\", \\"tidyverse\\", \\"jagsui\\")) :\\n  installation of package ærvestÆ had non-zero exit status\\n8: In install.packages(c(\\"renv\\", \\"tidyverse\\", \\"jagsui\\")) :\\n  installation of package ætidyverseÆ had non-zero exit status\\n\\nWARNING: apt does not have a stable CLI interface. Use with caution in scripts.\\n\\n\\nWARNING: apt does not have a stable CLI interface. Use with caution in scripts.\\n\\ndebconf: unable to initialize frontend: Dialog\\ndebconf: (Dialog frontend will not work on a dumb terminal, an emacs shell buffer, or without a controlling terminal.)\\ndebconf: falling back to frontend: Readline\\ndebconf: unable to initialize frontend: Readline\\ndebconf: (This frontend requires a controlling tty.)\\ndebconf: falling back to frontend: Teletype\\ndpkg-preconfigure: unable to re-open stdin: \\n\\nWARNING: apt does not have a stable CLI interface. Use with caution in scripts.\\n\\ndebconf: unable to initialize frontend: Dialog\\ndebconf: (Dialog frontend will not work on a dumb terminal, an emacs shell buffer, or without a controlling terminal.)\\ndebconf: falling back to frontend: Readline\\ndebconf: unable to initialize frontend: Readline\\ndebconf: (This frontend requires a controlling tty.)\\ndebconf: falling back to frontend: Teletype\\ndpkg-preconfigure: unable to re-open stdin: \\n\\nWARNING: apt does not have a stable CLI interface. Use with caution in scripts.\\n\\n\\nWARNING: apt does not have a stable CLI interface. Use with caution in scripts.\\n\\n\\nWARNING: apt does not have a stable CLI interface. Use with caution in scripts.\\n\\n\\r######################################################################## 100.0%\\n\\r######################################################################## 100.0%\\ngpg: directory \'//.gnupg\' created\\ngpg: keybox \'//.gnupg/pubring.kbx\' created\\ngpg: //.gnupg/trustdb.gpg: trustdb created\\n#=#=#                                                                         \\r\\r                                                                           0.1%\\r                                                                           0.4%\\r                                                                           1.1%\\r###                                                                        4.4%\\r##########                                                                14.2%\\r######################                                                    31.0%\\r########################################                                  55.7%\\r####################################################                      73.3%\\r######################################################################    97.3%\\r######################################################################## 100.0%\\n\\nWARNING: apt does not have a stable CLI interface. Use with caution in scripts.\\n\\ndebconf: unable to initialize frontend: Dialog\\ndebconf: (Dialog frontend will not work on a dumb terminal, an emacs shell buffer, or without a controlling terminal.)\\ndebconf: falling back to frontend: Readline\\ndebconf: unable to initialize frontend: Readline\\ndebconf: (This frontend requires a controlling tty.)\\ndebconf: falling back to frontend: Teletype\\ndpkg-preconfigure: unable to re-open stdin: \\ninstallrstudiowithonedrive.sh.sh: 113: installrstudiowithonedrive.sh.sh: source: not found\\n\\"\\r\\n\\r\\nMore information on troubleshooting is available at https://aka.ms/VMExtensionCSELinuxTroubleshoot "\r\n      }\r\n    ]\r\n  }\r\n}'
Arguments: ()
ValidationError: Deployment failed. Correlation ID: 9c381e3f-1c95-4dc9-bcd9-5b8c6d55ad83. {
  "status": "Failed",
  "error": {
    "code": "ResourceDeploymentFailure",
    "message": "The resource operation completed with terminal provisioning state 'Failed'.",
    "details": [
      {
        "code": "VMExtensionProvisioningError",
        "message": "VM has reported a failure when processing extension 'PrepareServer'. Error message: \"Enable failed: failed to execute command: command terminated with exit status=127\n[stdout]\nntu4) ...\r\nSelecting previously unselected package libgtk-3-bin.\r\nPreparing to unpack .../51-libgtk-3-bin_3.22.30-1ubuntu4_amd64.deb ...\r\nUnpacking libgtk-3-bin (3.22.30-1ubuntu4) ...\r\nSelecting previously unselected package libnotify-dev:amd64.\r\nPreparing to unpack .../52-libnotify-dev_0.7.7-3_amd64.deb ...\r\nUnpacking libnotify-dev:amd64 (0.7.7-3) ...\r\nSelecting previously unselected package libx11-doc.\r\nPreparing to unpack .../53-libx11-doc_2%3a1.6.4-3ubuntu0.3_all.deb ...\r\nUnpacking libx11-doc (2:1.6.4-3ubuntu0.3) ...\r\nSelecting previously unselected package notification-daemon.\r\nPreparing to unpack .../54-notification-daemon_3.20.0-3_amd64.deb ...\r\nUnpacking notification-daemon (3.20.0-3) ...\r\nSetting up libjson-glib-1.0-common (1.4.2-3ubuntu0.18.04.1) ...\r\nSetting up glib-networking-common (2.56.0-1ubuntu0.1) ...\r\nSetting up liblcms2-2:amd64 (2.9-1ubuntu0.1) ...\r\nSetting up libpthread-stubs0-dev:amd64 (0.3-4) ...\r\nSetting up libatspi2.0-0:amd64 (2.28.0-1) ...\r\nSetting up at-spi2-core (2.28.0-1) ...\r\nSetting up xorg-sgml-doctools (1:1.11-1) ...\r\nSetting up libwayland-client0:amd64 (1.16.0-1ubuntu1.1~18.04.3) ...\r\nSetting up libcairo-gobject2:amd64 (1.15.10-2ubuntu0.1) ...\r\nSetting up libproxy1v5:amd64 (0.4.15-1ubuntu0.1) ...\r\nSetting up libgdk-pixbuf2.0-common (2.36.11-2) ...\r\nSetting up glib-networking-services (2.56.0-1ubuntu0.1) ...\r\nSetting up x11proto-dev (2018.4-4) ...\r\nSetting up libjson-glib-1.0-0:amd64 (1.4.2-3ubuntu0.18.04.1) ...\r\nSetting up libatk1.0-data (2.28.1-1) ...\r\nSetting up xtrans-dev (1.3.5-1) ...\r\nSetting up libxdmcp-dev:amd64 (1:1.1.2-3) ...\r\nSetting up libepoxy0:amd64 (1.4.3-1) ...\r\nSetting up libatk1.0-0:amd64 (2.28.1-1) ...\r\nSetting up libatk-bridge2.0-0:amd64 (2.26.2-1) ...\r\nSetting up libdconf1:amd64 (0.26.0-2ubuntu3) ...\r\nSetting up libx11-doc (2:1.6.4-3ubuntu0.3) ...\r\nSetting up libxkbcommon0:amd64 (0.8.2-1~ubuntu18.04.1) ...\r\nSetting up libcolord2:amd64 (1.3.3-2build1) ...\r\nSetting up hicolor-icon-theme (0.17-2) ...\r\nSetting up libwayland-cursor0:amd64 (1.16.0-1ubuntu1.1~18.04.3) ...\r\nSetting up libwayland-egl1:amd64 (1.16.0-1ubuntu1.1~18.04.3) ...\r\nSetting up x11proto-core-dev (2018.4-4) ...\r\nSetting up dconf-service (0.26.0-2ubuntu3) ...\r\nSetting up libgdk-pixbuf2.0-0:amd64 (2.36.11-2) ...\r\nSetting up libgdk-pixbuf2.0-bin (2.36.11-2) ...\r\nSetting up gir1.2-gdkpixbuf-2.0:amd64 (2.36.11-2) ...\r\nSetting up libxau-dev:amd64 (1:1.0.8-1ubuntu1) ...\r\nSetting up gtk-update-icon-cache (3.22.30-1ubuntu4) ...\r\nSetting up libxcb1-dev:amd64 (1.13-2~ubuntu18.04) ...\r\nSetting up libx11-dev:amd64 (2:1.6.4-3ubuntu0.3) ...\r\nSetting up dconf-gsettings-backend:amd64 (0.26.0-2ubuntu3) ...\r\nSetting up libnotify4:amd64 (0.7.7-3) ...\r\nSetting up gir1.2-notify-0.7:amd64 (0.7.7-3) ...\r\nSetting up librsvg2-2:amd64 (2.40.20-2ubuntu0.2) ...\r\nSetting up gsettings-desktop-schemas (3.28.0-1ubuntu1) ...\r\nSetting up libgtk-3-common (3.22.30-1ubuntu4) ...\r\nSetting up librsvg2-common:amd64 (2.40.20-2ubuntu0.2) ...\r\nSetting up libgdk-pixbuf2.0-dev (2.36.11-2) ...\r\nSetting up libnotify-dev:amd64 (0.7.7-3) ...\r\nSetting up adwaita-icon-theme (3.28.0-1ubuntu1) ...\r\nupdate-alternatives: using /usr/share/icons/Adwaita/cursor.theme to provide /usr/share/icons/default/index.theme (x-cursor-theme) in auto mode\r\nSetting up humanity-icon-theme (0.6.15) ...\r\nSetting up ubuntu-mono (16.10+18.04.20181005-0ubuntu1) ...\r\nProcessing triggers for libglib2.0-0:amd64 (2.56.4-0ubuntu0.18.04.6) ...\r\nProcessing triggers for libc-bin (2.27-3ubuntu1.2) ...\r\nSetting up glib-networking:amd64 (2.56.0-1ubuntu0.1) ...\r\nProcessing triggers for man-db (2.8.3-2ubuntu0.1) ...\r\nProcessing triggers for mime-support (3.60ubuntu1) ...\r\nSetting up libsoup2.4-1:amd64 (2.62.1-1ubuntu0.4) ...\r\nSetting up libsoup-gnome2.4-1:amd64 (2.62.1-1ubuntu0.4) ...\r\nSetting up librest-0.7-0:amd64 (0.8.0-2) ...\r\nSetting up libgtk-3-0:amd64 (3.22.30-1ubuntu4) ...\r\nSetting up libgtk-3-bin (3.22.30-1ubuntu4) ...\r\nSetting up notification-daemon (3.20.0-3) ...\r\nProcessing triggers for libgdk-pixbuf2.0-0:amd64 (2.36.11-2) ...\r\nProcessing triggers for libc-bin (2.27-3ubuntu1.2) ...\r\n\n[stderr]\n\ufffd, ærvestÆ, æxml2Æ are not available for package ætidyverseÆ\n* removing æ/usr/local/lib/R/site-library/tidyverseÆ\n\nThe downloaded source packages are in\n\tæ/tmp/Rtmp212ikx/downloaded_packagesÆ\nWarning messages:\n1: package æjagsuiÆ is not available (for R version 3.4.4) \n2: Perhaps you meant æjagsUIÆ ? \n3: In install.packages(c(\"renv\", \"tidyverse\", \"jagsui\")) :\n  installation of package æcurlÆ had non-zero exit status\n4: In install.packages(c(\"renv\", \"tidyverse\", \"jagsui\")) :\n  installation of package æxml2Æ had non-zero exit status\n5: In install.packages(c(\"renv\", \"tidyverse\", \"jagsui\")) :\n  installation of package æopensslÆ had non-zero exit status\n6: In install.packages(c(\"renv\", \"tidyverse\", \"jagsui\")) :\n  installation of package æhttrÆ had non-zero exit status\n7: In install.packages(c(\"renv\", \"tidyverse\", \"jagsui\")) :\n  installation of package ærvestÆ had non-zero exit status\n8: In install.packages(c(\"renv\", \"tidyverse\", \"jagsui\")) :\n  installation of package ætidyverseÆ had non-zero exit status\n\nWARNING: apt does not have a stable CLI interface. Use with caution in scripts.\n\n\nWARNING: apt does not have a stable CLI interface. Use with caution in scripts.\n\ndebconf: unable to initialize frontend: Dialog\ndebconf: (Dialog frontend will not work on a dumb terminal, an emacs shell buffer, or without a controlling terminal.)\ndebconf: falling back to frontend: Readline\ndebconf: unable to initialize frontend: Readline\ndebconf: (This frontend requires a controlling tty.)\ndebconf: falling back to frontend: Teletype\ndpkg-preconfigure: unable to re-open stdin: \n\nWARNING: apt does not have a stable CLI interface. Use with caution in scripts.\n\ndebconf: unable to initialize frontend: Dialog\ndebconf: (Dialog frontend will not work on a dumb terminal, an emacs shell buffer, or without a controlling terminal.)\ndebconf: falling back to frontend: Readline\ndebconf: unable to initialize frontend: Readline\ndebconf: (This frontend requires a controlling tty.)\ndebconf: falling back to frontend: Teletype\ndpkg-preconfigure: unable to re-open stdin: \n\nWARNING: apt does not have a stable CLI interface. Use with caution in scripts.\n\n\nWARNING: apt does not have a stable CLI interface. Use with caution in scripts.\n\n\nWARNING: apt does not have a stable CLI interface. Use with caution in scripts.\n\n\r######################################################################## 100.0%\n\r######################################################################## 100.0%\ngpg: directory '//.gnupg' created\ngpg: keybox '//.gnupg/pubring.kbx' created\ngpg: //.gnupg/trustdb.gpg: trustdb created\n#=#=#                                                                         \r\r                                                                           0.1%\r                                                                           0.4%\r                                                                           1.1%\r###                                                                        4.4%\r##########                                                                14.2%\r######################                                                    31.0%\r########################################                                  55.7%\r####################################################                      73.3%\r######################################################################    97.3%\r######################################################################## 100.0%\n\nWARNING: apt does not have a stable CLI interface. Use with caution in scripts.\n\ndebconf: unable to initialize frontend: Dialog\ndebconf: (Dialog frontend will not work on a dumb terminal, an emacs shell buffer, or without a controlling terminal.)\ndebconf: falling back to frontend: Readline\ndebconf: unable to initialize frontend: Readline\ndebconf: (This frontend requires a controlling tty.)\ndebconf: falling back to frontend: Teletype\ndpkg-preconfigure: unable to re-open stdin: \ninstallrstudiowithonedrive.sh.sh: 113: installrstudiowithonedrive.sh.sh: source: not found\n\"\r\n\r\nMore information on troubleshooting is available at https://aka.ms/VMExtensionCSELinuxTroubleshoot "
      }
    ]
  